2025-07-31T10:28:31.661Z - Processing: https://www.luxuryestate.com/p116425905-villa-for-sale-marbella
2025-07-31T10:28:38.989Z - Created property: 30 - Luxury Villa for sale in Marbella, Spain
2025-07-31T10:28:39.200Z - Processing: https://www.luxuryestate.com/p131557861-villa-for-sale-marbella
2025-07-31T10:28:45.908Z - Created property: 31 - 6 bedroom luxury Villa for sale in Marbella, Spain
2025-07-31T10:28:46.150Z - Processing: https://www.luxuryestate.com/p131512270-villa-for-sale-marbella
2025-07-31T10:28:54.070Z - Created property: 32 - 6 bedroom luxury Villa for sale in Marbella, Spain
2025-07-31T10:28:54.262Z - Processing: https://www.luxuryestate.com/p131398481-villa-for-sale-marbella
2025-07-31T10:29:02.161Z - Created property: 33 - Luxury Villa for sale in Marbella, Spain
2025-07-31T10:29:02.415Z - Processing: https://www.luxuryestate.com/p131141954-villa-for-sale-marbella
2025-07-31T10:29:10.435Z - Created property: 34 - 6 bedroom luxury Villa for sale in Marbella, Andalusia
2025-07-31T10:29:10.623Z - Processing: https://www.luxuryestate.com/p129619116-villa-for-sale-marbella
2025-07-31T10:31:28.557Z - Processing: https://www.luxuryestate.com/p129619116-villa-for-sale-marbella
2025-07-31T10:31:35.787Z - Created property: 35 - Luxury Villa for sale in Marbella, Andalusia (Processed in 7.07s)
2025-07-31T10:31:35.991Z - Processing: https://www.luxuryestate.com/p131163564-villa-for-sale-marbella
2025-07-31T10:31:42.991Z - Created property: 36 - Luxury Villa for sale in Marbella, Spain (Processed in 6.87s)
2025-07-31T10:31:43.170Z - Processing: https://www.luxuryestate.com/p130814962-villa-for-sale-marbella
2025-07-31T10:31:50.198Z - Created property: 37 - 5 bedroom luxury Villa for sale in Marbella, Spain (Processed in 6.90s)
2025-07-31T10:31:50.386Z - Processing: https://www.luxuryestate.com/p130987974-villa-for-sale-marbella
2025-07-31T10:31:56.947Z - Created property: 38 - 6 bedroom luxury Villa for sale in Marbella, Spain (Processed in 6.45s)
2025-07-31T10:31:57.122Z - Processing: https://www.luxuryestate.com/p130965175-villa-for-sale-marbella
2025-07-31T10:33:13.937Z - Processing: https://www.luxuryestate.com/p130965175-villa-for-sale-marbella
2025-07-31T10:33:18.447Z - Created property: 39 - 7 bedroom luxury Villa for sale in Marbella, Andalusia (Processed in 4.39s)
2025-07-31T10:33:18.666Z - Processing: https://www.luxuryestate.com/p130949209-villa-for-sale-marbella
2025-07-31T10:34:08.770Z - Processing: https://www.luxuryestate.com/p130949209-villa-for-sale-marbella
2025-07-31T10:34:14.538Z - Error processing: https://www.luxuryestate.com/p130949209-villa-for-sale-marbella | imageUrls.length is not a function
2025-07-31T10:34:14.733Z - Processing: https://www.luxuryestate.com/p130888599-villa-for-sale-marbella
2025-07-31T10:34:44.735Z - Processing: https://www.luxuryestate.com/p130888599-villa-for-sale-marbella
2025-07-31T10:34:49.525Z - Created property: 41 - 6 bedroom luxury Villa for sale in Marbella, Andalusia (Processed in 4.66s)
2025-07-31T10:34:49.732Z - Processing: https://www.luxuryestate.com/p130803382-villa-for-sale-marbella
2025-07-31T10:34:56.146Z - Created property: 42 - Luxury Villa for sale in Marbella, Spain (Processed in 6.28s)
2025-07-31T10:34:56.363Z - Processing: https://www.luxuryestate.com/p129508539-villa-for-sale-marbella
2025-08-01T18:13:33.932Z - Processing: https://www.luxuryestate.com/p129508539-villa-for-sale-marbella
2025-08-01T18:14:03.999Z - Processing: https://www.luxuryestate.com/p129508539-villa-for-sale-marbella
2025-08-01T18:14:07.156Z - Created property: 43 - 7 bedroom luxury Villa for sale in Marbella, Andalusia (Processed in 3.03s)
2025-08-01T18:14:07.348Z - Processing: https://www.luxuryestate.com/p117947345-villa-for-sale-marbella
2025-08-01T18:59:52.245Z - Processing: https://www.luxuryestate.com/p128960619-detached-house-for-sale-formentera
2025-08-01T19:03:25.449Z - Processing: https://www.luxuryestate.com/p128960619-detached-house-for-sale-formentera
2025-08-01T19:03:32.235Z - Created property: 44 - 4 bedroom luxury Detached House for sale in Formentera, Balearic Islands (Processed in 6.42s)
2025-08-01T19:03:32.415Z - Processing: https://www.luxuryestate.com/p131666709-villa-for-sale-san-pedro-de-alcantara
2025-08-01T19:03:38.948Z - Created property: 45 - 6 bedroom luxury Villa for sale in San Pedro de Alcántara, Spain (Processed in 6.37s)
2025-08-01T19:03:39.137Z - Processing: https://www.luxuryestate.com/p129504293-detached-house-for-sale-sant-antoni-de-portmany
2025-08-01T19:03:44.451Z - Error processing: https://www.luxuryestate.com/p129504293-detached-house-for-sale-sant-antoni-de-portmany | Cannot read properties of undefined (reading 'toString')
2025-08-01T19:03:44.639Z - Processing: https://www.luxuryestate.com/p131204838-apartment-for-sale-sant-feliu-de-guixols
2025-08-01T19:03:49.452Z - Created property: 46 - 5 room luxury Flat for sale in Passeig Maritim del Pesident Josep Irla, Sant Feliu de Guíxols, Catalonia (Processed in 4.68s)
2025-08-01T19:03:49.642Z - Processing: https://www.luxuryestate.com/p129391608-mansion-for-sale-barcelona
2025-08-01T19:03:55.896Z - Created property: 47 - 5 room luxury mansion for sale in Vallvidrera - Tibidabo - Les Planes, Barcelona, Catalonia (Processed in 6.11s)
2025-08-01T19:03:56.066Z - Processing: https://www.luxuryestate.com/p131092847-rural-or-farmhouse-for-sale-manacor
2025-08-01T19:04:01.565Z - Created property: 48 - Luxury Farmhouse for sale in Manacor, Spain (Processed in 5.35s)
2025-08-01T19:04:01.765Z - Processing: https://www.luxuryestate.com/p131174718-villa-for-sale-granada
2025-08-01T19:04:07.750Z - Created property: 49 - 20 room luxury Villa for sale in Granada, Andalusia (Processed in 5.83s)
2025-08-01T19:04:07.946Z - Processing: https://www.luxuryestate.com/p131037448-penthouse-for-sale-madrid
2025-08-01T19:04:12.542Z - Created property: 50 - Luxury penthouse for sale in Madrid, Spain (Processed in 4.45s)
2025-08-01T19:04:12.743Z - Processing: https://www.luxuryestate.com/p130620661-penthouse-for-sale-santa-ponsa
2025-08-01T19:04:17.994Z - Created property: 51 - 5 room luxury penthouse for sale in Carrer de Nunyo Sanç, 50a, Santa Ponsa, Province of Balearic Islands, Balearic Islands (Processed in 5.11s)
2025-08-01T19:04:18.186Z - Processing: https://www.luxuryestate.com/p131576109-luxury-home-for-sale-zahara-de-los-atunes
2025-08-01T19:04:23.352Z - Created property: 52 - 3 bedroom luxury House for sale in Zahara de los Atunes, Spain (Processed in 5.02s)
2025-08-01T19:04:23.536Z - Processing: https://www.luxuryestate.com/p130465131-detached-house-for-sale-madrid
2025-08-01T19:04:25.588Z - Created property: 53 - 4 bedroom luxury Detached House for sale in Madrid, Autonomous Region of Madrid (Processed in 1.91s)
2025-08-01T19:04:25.756Z - Processing: https://www.luxuryestate.com/p130977638-villa-for-sale-san-jose
2025-08-01T19:04:30.784Z - Created property: 54 - Luxury Villa for sale in San Jose, Spain (Processed in 4.89s)
2025-08-01T19:04:30.981Z - Processing: https://www.luxuryestate.com/p128765241-villa-for-sale-can-furnet
2025-08-01T19:04:36.327Z - Created property: 55 - Luxury Villa for sale in Can Furnet, Spain (Processed in 5.21s)
2025-08-01T19:04:36.513Z - Processing: https://www.luxuryestate.com/p130678369-penthouse-for-sale-barcelona
2025-08-01T19:04:41.490Z - Created property: 56 - 4 room luxury penthouse for sale in Barcelona, Spain (Processed in 4.83s)
2025-08-01T19:04:41.686Z - Processing: https://www.luxuryestate.com/p130643330-villa-for-sale-ibiza
2025-08-01T19:04:47.206Z - Created property: 57 - 7 bedroom luxury Villa for sale in Roca Llisa, Ibiza, Balearic Islands (Processed in 5.38s)
2025-08-01T19:04:47.392Z - Processing: https://www.luxuryestate.com/p131580352-townhouse-for-sale-the-golden-mile
2025-08-01T19:04:52.503Z - Created property: 58 - Luxury Townhouse for sale in The Golden Mile, Spain (Processed in 4.97s)
2025-08-01T19:04:52.701Z - Processing: https://www.luxuryestate.com/p130445887-detached-house-for-sale-madrid
2025-08-01T19:04:58.855Z - Created property: 59 - Luxury Detached House for sale in Madrid, Spain (Processed in 6.01s)
2025-08-01T19:04:59.054Z - Processing: https://www.luxuryestate.com/p130348196-detached-house-for-sale-marbella
2025-08-01T19:05:04.568Z - Created property: 60 - Luxury 5 bedroom Detached House for sale in Marbella, Spain (Processed in 5.37s)
2025-08-01T19:05:04.754Z - Processing: https://www.luxuryestate.com/p130906130-farm-for-sale-sant-gregori
2025-08-01T19:05:11.610Z - Created property: 61 - Farm for sale in Diseminado Afores, Sant Gregori, Province of Girona, Catalonia (Processed in 6.71s)
2025-08-01T19:05:11.808Z - Processing: https://www.luxuryestate.com/p130800407-villa-for-sale-javea
2025-08-01T19:05:17.360Z - Created property: 62 - 5 bedroom luxury Villa for sale in Javea, Valencia (Processed in 5.41s)
2025-08-01T19:05:17.539Z - Processing: https://www.luxuryestate.com/p130593347-cottage-for-sale-porto-cristo
2025-08-01T19:05:23.978Z - Created property: 63 - 5 room exclusive cottage for sale in Camí de Sa Marineta, Porto Cristo, Province of Balearic Islands, Balearic Islands (Processed in 6.29s)
2025-08-01T19:05:24.169Z - Processing: https://www.luxuryestate.com/p131587231-villa-for-sale-javea
2025-08-01T19:05:30.043Z - Created property: 64 - 4 bedroom luxury Villa for sale in Sofocles, Javea, Alicante, Valencian Community (Processed in 5.73s)
2025-08-01T19:05:30.201Z - Processing: https://www.luxuryestate.com/p130846891-villa-for-sale-riogordo
2025-08-01T19:05:36.860Z - Created property: 65 - 14 room luxury Villa for sale in Ríogordo, Andalusia (Processed in 6.53s)
2025-08-01T19:05:37.036Z - Processing: https://www.luxuryestate.com/p130910185-villa-for-sale-ibiza
2025-08-01T19:05:42.751Z - Created property: 66 - Luxury Villa for sale in Ibiza, Spain (Processed in 5.58s)
2025-08-01T19:05:42.946Z - Processing: https://www.luxuryestate.com/p125867423-luxury-home-for-sale-madrid
2025-08-01T19:05:48.189Z - Created property: 67 - 7 bedroom luxury House for sale in Fuente del Fresno, Madrid, Community of Madrid (Processed in 5.10s)
2025-08-01T19:05:48.373Z - Processing: https://www.luxuryestate.com/p130129358-penthouse-for-sale-altea
2025-08-01T19:05:53.283Z - Created property: 68 - 2 room luxury penthouse for sale in Altea, Valencia (Processed in 4.80s)
2025-08-01T19:05:53.470Z - Processing: https://www.luxuryestate.com/p127441403-villa-for-sale-ibiza
2025-08-01T19:05:58.782Z - Created property: 69 - 5 bedroom luxury Villa for sale in Jesus, Ibiza, Balearic Islands (Processed in 5.17s)
2025-08-01T19:05:58.982Z - Processing: https://www.luxuryestate.com/p131126249-luxury-home-for-sale-zahara-de-los-atunes
2025-08-01T19:06:04.381Z - Created property: 70 - Luxury House for sale in Zahara de los Atunes, Andalusia (Processed in 5.26s)
2025-08-01T19:06:04.574Z - Processing: https://www.luxuryestate.com/p131185878-villa-for-sale-s-agaro
2025-08-01T19:06:10.362Z - Created property: 71 - 7 bedroom luxury Villa for sale in S'Agaró, Catalonia (Processed in 5.65s)
2025-08-01T19:06:10.545Z - Processing: https://www.luxuryestate.com/p131200551-luxury-home-for-sale-estellencs
2025-08-01T19:06:15.740Z - Created property: 72 - 10 bedroom luxury House for sale in Estellencs, Balearic Islands (Processed in 5.07s)
2025-08-01T19:06:15.950Z - Processing: https://www.luxuryestate.com/p131470104-penthouse-for-sale-altea
2025-08-01T19:06:21.825Z - Created property: 73 - Luxury penthouse for sale in Altea, Spain (Processed in 5.73s)
2025-08-01T19:06:22.021Z - Processing: https://www.luxuryestate.com/p131543318-villa-for-sale-el-campello
2025-08-01T19:06:26.369Z - Created property: 74 - 4 room luxury Villa for sale in El Campello, Valencia (Processed in 4.21s)
2025-08-01T19:06:26.582Z - Processing: https://www.luxuryestate.com/p131162710-luxury-home-for-sale-caldes-de-malavella
2025-08-01T19:06:31.953Z - Created property: 75 - 3 bedroom luxury House for sale in Caldes de Malavella, Catalonia (Processed in 5.23s)
2025-08-01T19:06:32.138Z - Processing: https://www.luxuryestate.com/p131646860-apartment-for-sale-madrid
2025-08-01T19:06:37.773Z - Created property: 76 - 4 bedroom luxury Flat for sale in Madrid, Spain (Processed in 5.49s)
2025-08-01T19:06:37.970Z - Processing: https://www.luxuryestate.com/p130885038-detached-house-for-sale-marbella
2025-08-01T19:06:43.181Z - Created property: 77 - Luxury Detached House for sale in Marbella, Spain (Processed in 5.07s)
2025-08-01T19:06:43.373Z - Processing: https://www.luxuryestate.com/p131491083-apartment-for-sale-seville
2025-08-01T19:06:48.246Z - Created property: 78 - 3 bedroom luxury Flat for sale in Seville, Andalusia (Processed in 4.73s)
2025-08-01T19:06:48.452Z - Processing: https://www.luxuryestate.com/p131461871-apartment-for-sale-madrid
2025-08-01T19:06:53.421Z - Created property: 79 - 3 bedroom luxury Flat for sale in Madrid, Autonomous Region of Madrid (Processed in 4.83s)
2025-08-01T19:06:53.615Z - Processing: https://www.luxuryestate.com/p130484352-luxury-home-for-sale-madrid
2025-08-01T19:06:58.552Z - Created property: 80 - 3 bedroom luxury House for sale in Madrid, Spain (Processed in 4.80s)
2025-08-01T19:06:58.742Z - Processing: https://www.luxuryestate.com/p131174740-luxury-home-for-sale-platja-d-aro
2025-08-01T19:07:04.400Z - Created property: 81 - 16 room luxury House for sale in Platja d'Aro, Spain (Processed in 5.52s)
2025-08-01T19:07:04.582Z - Processing: https://www.luxuryestate.com/p131470100-apartment-for-sale-barcelona
2025-08-01T19:07:09.389Z - Created property: 82 - Luxury Apartment for sale in Barcelona, Spain (Processed in 4.66s)
2025-08-01T19:07:09.826Z - Processing: https://www.luxuryestate.com/p130555872-villa-for-sale-benitachell
2025-08-01T19:07:14.885Z - Created property: 83 - 4 room luxury Villa for sale in Benitachell, Spain (Processed in 4.92s)
2025-08-01T19:07:15.059Z - Processing: https://www.luxuryestate.com/p127699866-villa-for-sale-javea
2025-08-01T19:07:19.711Z - Created property: 84 - 4 bedroom luxury Villa for sale in Javea, Spain (Processed in 4.51s)
2025-08-01T19:07:19.901Z - Processing: https://www.luxuryestate.com/p131549060-detached-house-for-sale-arenys-de-mar
2025-08-01T19:07:25.384Z - Created property: 85 - 6 bedroom luxury Detached House for sale in Arenys de Mar, Spain (Processed in 5.34s)
2025-08-01T19:07:25.566Z - Processing: https://www.luxuryestate.com/p130832611-luxury-home-for-sale-santa-maria-del-cami
2025-08-01T19:07:30.946Z - Created property: 86 - 5 room luxury House for sale in Santa Maria del Camí, Spain (Processed in 5.26s)
2025-08-01T19:07:31.118Z - Processing: https://www.luxuryestate.com/p130832601-luxury-home-for-sale-palma-de-mallorca
2025-08-01T19:07:35.997Z - Created property: 87 - 4 room luxury House for sale in Cort, Palma de Mallorca, Balearic Islands (Processed in 4.73s)
2025-08-01T19:07:36.174Z - Processing: https://www.luxuryestate.com/p130524617-villa-for-sale-san-sebastian
2025-08-01T19:07:43.151Z - Created property: 88 - Luxury Villa for sale in San Sebastian, Spain (Processed in 6.83s)
2025-08-01T19:07:43.333Z - Processing: https://www.luxuryestate.com/p131516437-apartment-for-sale-madrid
2025-08-01T19:07:48.429Z - Created property: 89 - Luxury Apartment for sale in Madrid, Spain (Processed in 4.96s)
2025-08-01T19:07:48.617Z - Processing: https://www.luxuryestate.com/p131174797-apartment-for-sale-madrid
2025-08-01T19:07:53.808Z - Created property: 90 - 6 room luxury Apartment for sale in Madrid, Spain (Processed in 5.05s)
2025-08-01T19:07:53.990Z - Processing: https://www.luxuryestate.com/p130886958-apartment-for-sale-marbella
2025-08-01T19:08:00.585Z - Created property: 91 - 3 bedroom luxury Apartment for sale in Marbella, Spain (Processed in 6.45s)
2025-08-01T19:08:00.775Z - Processing: https://www.luxuryestate.com/p130436802-villa-for-sale-majadahonda
2025-08-01T19:08:05.494Z - Created property: 92 - 8 room luxury Villa for sale in Majadahonda, Spain (Processed in 4.58s)
2025-08-01T19:08:05.680Z - Processing: https://www.luxuryestate.com/p131639016-apartment-for-sale-madrid
2025-08-01T19:08:10.964Z - Created property: 93 - Luxury Flat for sale in Madrid, Autonomous Region of Madrid (Processed in 5.14s)
2025-08-01T19:08:11.137Z - Processing: https://www.luxuryestate.com/p130484354-duplex-for-sale-madrid
2025-08-01T19:08:16.534Z - Created property: 94 - Luxury Duplex for sale in Madrid, Autonomous Region of Madrid (Processed in 5.26s)
2025-08-01T19:08:16.714Z - Processing: https://www.luxuryestate.com/p129710003-villa-for-sale-ibiza
2025-08-01T19:08:22.380Z - Created property: 95 - 5 bedroom luxury Villa for sale in San Antonio, Ibiza, Balearic Islands (Processed in 5.53s)
2025-08-01T19:08:22.552Z - Processing: https://www.luxuryestate.com/p131543309-villa-for-sale-busot
2025-08-01T19:08:27.698Z - Created property: 96 - 4 room luxury Villa for sale in Busot, Spain (Processed in 5.01s)
2025-08-01T19:08:27.883Z - Processing: https://www.luxuryestate.com/p131335207-villa-for-sale-llubi
2025-08-01T19:08:33.517Z - Created property: 97 - Luxury Villa for sale in Llubí, Spain (Processed in 5.49s)
2025-08-01T19:08:33.684Z - Processing: https://www.luxuryestate.com/p131174819-apartment-for-sale-barcelona
2025-08-01T19:08:38.380Z - Created property: 98 - Luxury Apartment for sale in Barcelona, Spain (Processed in 4.55s)
2025-08-01T19:08:38.564Z - Processing: https://www.luxuryestate.com/p127711133-villa-for-sale-cas-catala
2025-08-01T19:08:43.425Z - Created property: 99 - 5 room luxury Villa for sale in Cas Català, Balearic Islands (Processed in 4.72s)
2025-08-01T19:08:43.620Z - Processing: https://www.luxuryestate.com/p131444146-luxury-home-for-sale-barcelona
2025-08-01T19:08:48.948Z - Created property: 100 - 4 room luxury House  in El Poble Sec - Parc de Montjuic, Barcelona, Province of Barcelona, Catalonia (Processed in 5.18s)
2025-08-01T19:08:49.131Z - Processing: https://www.luxuryestate.com/p129473992-villa-for-sale-javea
2025-08-01T19:08:54.133Z - Created property: 101 - 1 room luxury Villa for sale in Calle Pieter Bruegel 45, Javea, Alicante, Valencian Community (Processed in 4.86s)
2025-08-01T19:08:54.315Z - Processing: https://www.luxuryestate.com/p131622760-penthouse-for-sale-alicante
2025-08-01T19:08:59.355Z - Created property: 102 - Luxury penthouse for sale in Alicante, Valencia (Processed in 4.90s)
2025-08-01T19:08:59.536Z - Processing: https://www.luxuryestate.com/p130904539-loft-for-sale-barcelona
2025-08-01T19:09:05.298Z - Created property: 103 - 4 room luxury Loft  in El Poble Sec - Parc de Montjuic, Barcelona, Province of Barcelona, Catalonia (Processed in 5.62s)
2025-08-01T19:09:05.476Z - Processing: https://www.luxuryestate.com/p131316618-semidetached-house-for-sale-madrid
2025-08-01T19:09:11.012Z - Created property: 104 - 4 bedroom luxury Semidetached House for sale in Madrid, Spain (Processed in 5.40s)
2025-08-01T19:09:11.206Z - Processing: https://www.luxuryestate.com/p130213858-apartment-for-sale-barcelona
2025-08-01T19:09:15.866Z - Created property: 105 - Luxury Apartment for sale in Sarria, Barcelona, Catalonia (Processed in 4.52s)
2025-08-01T19:09:16.049Z - Processing: https://www.luxuryestate.com/p131655347-villa-for-sale-chiva
2025-08-01T19:09:21.153Z - Created property: 106 - Luxury Villa for sale in Chiva, Spain (Processed in 4.96s)
2025-08-01T19:09:21.332Z - Processing: https://www.luxuryestate.com/p130150272-palace-for-sale-yepes
2025-08-01T19:09:26.741Z - Created property: 107 - Palace for sale Yepes, Castille-La Mancha (Processed in 5.27s)
2025-08-01T19:09:26.918Z - Processing: https://www.luxuryestate.com/p130437980-villa-for-sale-javea
2025-08-01T19:09:31.837Z - Created property: 108 - 3 room luxury Villa for sale in Javea, Spain (Processed in 4.78s)
2025-08-01T19:09:32.022Z - Processing: https://www.luxuryestate.com/p131687499-villa-for-sale-tiana
2025-08-01T19:09:37.786Z - Created property: 109 - Luxury Villa for sale in Tiana, Spain (Processed in 5.63s)
2025-08-01T19:09:37.950Z - Processing: https://www.luxuryestate.com/p131565491-villa-for-sale-mutxamel
2025-08-01T19:09:43.238Z - Created property: 110 - 4 room luxury Villa for sale in Mutxamel, Spain (Processed in 5.15s)
2025-08-01T19:09:43.424Z - Processing: https://www.luxuryestate.com/p131364155-villa-for-sale-murcia
2025-08-01T19:09:48.245Z - Created property: 111 - Luxury Villa for sale in Murcia (Processed in 4.67s)
2025-08-01T19:09:48.438Z - Processing: https://www.luxuryestate.com/p131085193-villa-for-sale-san-mateo
2025-08-01T19:09:53.502Z - Created property: 112 - Luxury Villa for sale in San Mateo, Valencia (Processed in 4.92s)
2025-08-01T19:09:53.685Z - Processing: https://www.luxuryestate.com/p131646847-apartment-for-sale-madrid
2025-08-01T19:09:58.716Z - Created property: 113 - 4 bedroom luxury Apartment for sale in Calle almagro, Madrid, Community of Madrid (Processed in 4.89s)
2025-08-01T19:09:58.886Z - Processing: https://www.luxuryestate.com/p131632599-apartment-for-sale-madrid
2025-08-01T19:10:03.763Z - Created property: 114 - 3 bedroom luxury Flat for sale in Madrid, Spain (Processed in 4.73s)
2025-08-01T19:10:03.937Z - Processing: https://www.luxuryestate.com/p125905925-villa-for-sale-esporles
2025-08-01T19:10:09.859Z - Created property: 115 - 4 bedroom luxury Villa for sale in Esporles, Balearic Islands (Processed in 5.78s)
2025-08-01T19:10:10.031Z - Processing: https://www.luxuryestate.com/p131042880-detached-house-for-sale-cadiz
2025-08-01T19:10:16.079Z - Created property: 116 - 9 bedroom luxury Detached House for sale in Cadiz, Andalusia (Processed in 5.89s)
2025-08-01T19:10:16.265Z - Processing: https://www.luxuryestate.com/p131675588-villa-for-sale-chiva
2025-08-01T19:10:21.922Z - Created property: 117 - 5 bedroom luxury Villa for sale in Chiva, Spain (Processed in 5.52s)
2025-08-01T19:10:22.112Z - Processing: https://www.luxuryestate.com/p129160772-villa-for-sale-javea
2025-08-01T19:10:28.481Z - Created property: 118 - 5 room luxury Villa for sale in Javea, Valencia (Processed in 6.25s)
2025-08-01T19:10:28.666Z - Processing: https://www.luxuryestate.com/p131622759-apartment-for-sale-alicante
2025-08-01T19:10:34.084Z - Created property: 119 - 5 bedroom luxury Flat for sale in Alicante, Spain (Processed in 5.28s)
2025-08-01T19:10:34.277Z - Processing: https://www.luxuryestate.com/p131471958-apartment-for-sale-madrid
2025-08-01T19:10:39.659Z - Created property: 120 - Luxury Apartment for sale in Madrid, Spain (Processed in 5.24s)
2025-08-01T19:10:39.837Z - Processing: https://www.luxuryestate.com/p130629357-cottage-for-sale-cassa-de-la-selva
2025-08-01T19:10:46.378Z - Created property: 121 - 10 room exclusive cottage for sale in A las afueras, Cassà de la Selva, Catalonia (Processed in 6.40s)
2025-08-01T19:10:46.553Z - Processing: https://www.luxuryestate.com/p127869762-villa-for-sale-javea
2025-08-01T19:10:52.535Z - Created property: 122 - 4 room luxury Villa for sale in Javea, Valencia (Processed in 5.84s)
2025-08-01T19:10:52.977Z - Processing: https://www.luxuryestate.com/p131333238-apartment-for-sale-pucol
2025-08-01T19:10:59.019Z - Created property: 123 - 6 bedroom luxury Apartment for sale in Puçol, Spain (Processed in 5.89s)
2025-08-01T19:10:59.223Z - Processing: https://www.luxuryestate.com/p131208599-apartment-for-sale-palma-de-mallorca
2025-08-01T19:11:04.821Z - Created property: 124 - 3 bedroom luxury Apartment for sale in Palma de Mallorca, Spain (Processed in 5.45s)
2025-08-01T19:11:04.999Z - Processing: https://www.luxuryestate.com/p24313761-villa-for-sale-marbella
2025-08-01T19:11:10.496Z - Created property: 125 - 9 bedroom luxury Villa for sale in Marbella, Spain (Processed in 5.36s)
2025-08-01T19:11:10.667Z - Processing: https://www.luxuryestate.com/p131442151-villa-for-sale-es-calo
2025-08-01T19:11:16.876Z - Created property: 126 - 6 bedroom luxury Villa for sale in Es Caló, Spain (Processed in 6.07s)
2025-08-01T19:11:17.049Z - Processing: https://www.luxuryestate.com/p131070242-villa-for-sale-oliva
2025-08-01T19:11:23.317Z - Created property: 127 - 3 room luxury Villa for sale in Oliva, Spain (Processed in 6.14s)
2025-08-01T19:11:23.495Z - Processing: https://www.luxuryestate.com/p130206914-detached-house-for-sale-esplugues-de-llobregat
2025-08-01T19:11:28.881Z - Created property: 128 - Luxury 8 room Detached House for sale in Esplugues de Llobregat, Catalonia (Processed in 5.25s)
2025-08-01T19:11:29.059Z - Processing: https://www.luxuryestate.com/p131666573-villa-for-sale-picassent
2025-08-01T19:11:34.913Z - Created property: 129 - Luxury Villa for sale in Picassent, Spain (Processed in 5.71s)
2025-08-01T19:11:35.099Z - Processing: https://www.luxuryestate.com/p131642935-villa-for-sale-sabadell
2025-08-01T19:11:40.435Z - Created property: 130 - 5 bedroom luxury Villa for sale in Sabadell, Catalonia (Processed in 5.20s)
2025-08-01T19:11:40.598Z - Processing: https://www.luxuryestate.com/p131622762-townhouse-for-sale-san-juan-de-alicante
2025-08-01T19:11:46.065Z - Created property: 131 - Luxury Townhouse for sale in San Juan de Alicante, Valencia (Processed in 5.32s)
2025-08-01T19:11:46.246Z - Processing: https://www.luxuryestate.com/p131678894-penthouse-for-sale-palma-de-mallorca
2025-08-01T19:11:51.291Z - Created property: 132 - Luxury penthouse for sale in Palma de Mallorca, Balearic Islands (Processed in 4.91s)
2025-08-01T19:11:51.455Z - Processing: https://www.luxuryestate.com/p131650393-villa-for-sale-aravaca
2025-08-01T19:11:56.753Z - Created property: 133 - 5 bedroom luxury Villa for sale in Aravaca, Spain (Processed in 5.17s)
2025-08-01T19:11:56.915Z - Processing: https://www.luxuryestate.com/p131646769-apartment-for-sale-madrid
2025-08-01T19:12:02.199Z - Created property: 134 - 4 bedroom luxury Apartment for sale in calle almagro, Madrid, Community of Madrid (Processed in 5.14s)
2025-08-01T19:12:02.402Z - Processing: https://www.luxuryestate.com/p131639026-villa-for-sale-alboraya
2025-08-01T19:12:07.820Z - Created property: 135 - 4 bedroom luxury Villa for sale in Alboraya, Spain (Processed in 5.28s)
2025-08-01T19:12:08.020Z - Processing: https://www.luxuryestate.com/p131476368-luxury-home-for-sale-santanyi
2025-08-01T19:12:12.980Z - Created property: 136 - Luxury House for sale in Santanyí, Balearic Islands (Processed in 4.84s)
2025-08-01T19:12:13.125Z - Processing: https://www.luxuryestate.com/p131337526-luxury-home-for-sale-zahara-de-los-atunes
2025-08-01T19:12:18.674Z - Created property: 137 - 4 bedroom luxury House for sale in Zahara de los Atunes, Spain (Processed in 5.42s)
2025-08-01T19:12:18.830Z - Processing: https://www.luxuryestate.com/p131457334-villa-for-sale-benahavis
2025-08-01T19:12:25.630Z - Created property: 138 - Luxury Villa for sale in Benahavís, Spain (Processed in 6.66s)
2025-08-01T19:12:25.848Z - Processing: https://www.luxuryestate.com/p129687978-mansion-for-sale-barcelona
2025-08-01T19:12:30.856Z - Created property: 139 - 7 bedroom luxury mansion for sale in Barcelona, Catalonia (Processed in 4.87s)
2025-08-01T19:12:31.035Z - Processing: https://www.luxuryestate.com/p129446612-luxury-home-for-sale-manacor
2025-08-01T19:12:36.461Z - Created property: 140 - 5 room luxury House for sale in Manacor, Balearic Islands (Processed in 5.29s)
2025-08-01T19:12:36.635Z - Processing: https://www.luxuryestate.com/p131687507-penthouse-for-sale-javea
2025-08-01T19:12:37.407Z - Processing: https://www.luxuryestate.com/p130859717-villa-for-sale-javea
2025-08-01T19:12:38.192Z - Processing: https://www.luxuryestate.com/p131642947-apartment-for-sale-valencia
2025-08-01T19:12:43.903Z - Created property: 141 - 39 bedroom luxury Flat for sale in Valencia (Processed in 5.59s)
2025-08-01T19:12:44.072Z - Processing: https://www.luxuryestate.com/p131186295-villa-for-sale-javea
2025-08-01T19:12:49.109Z - Created property: 142 - 4 bedroom luxury Villa for sale in calle hans holbein 10, Javea, Valencian Community (Processed in 4.90s)
2025-08-01T19:12:49.284Z - Processing: https://www.luxuryestate.com/p131682335-apartment-for-sale-barcelona
2025-08-01T19:12:55.558Z - Created property: 143 - 3 bedroom luxury Flat for sale in Barcelona, Spain (Processed in 6.13s)
2025-08-01T19:12:55.720Z - Processing: https://www.luxuryestate.com/p131643084-penthouse-for-sale-madrid
2025-08-01T19:13:00.865Z - Created property: 144 - 2 bedroom luxury penthouse for sale in calle almagro, Madrid, Province of Madrid, Community of Madrid (Processed in 5.01s)
2025-08-01T19:13:01.042Z - Processing: https://www.luxuryestate.com/p129751493-villa-for-sale-javea
2025-08-01T19:13:06.541Z - Created property: 145 - 4 room luxury Villa for sale in Javea, Spain (Processed in 5.36s)
2025-08-01T19:13:06.716Z - Processing: https://www.luxuryestate.com/p130158755-detached-house-for-sale-begur
2025-08-01T19:13:12.304Z - Created property: 146 - Luxury Detached House for sale in Begur, Spain (Processed in 5.48s)
2025-08-01T19:13:12.477Z - Processing: https://www.luxuryestate.com/p130732462-townhouse-for-sale-barcelona
2025-08-01T19:13:18.292Z - Created property: 147 - 5 bedroom luxury Townhouse for sale in Barcelona, Spain (Processed in 5.68s)
2025-08-01T19:13:18.458Z - Processing: https://www.luxuryestate.com/p131559012-detached-house-for-sale-madrid
2025-08-01T19:13:24.109Z - Created property: 148 - Luxury Detached House for sale in Madrid, Spain (Processed in 5.52s)
2025-08-01T19:13:24.295Z - Processing: https://www.luxuryestate.com/p131366993-penthouse-for-sale-barcelona
2025-08-01T19:13:29.253Z - Created property: 149 - 3 room luxury penthouse for sale in Barcelona, Spain (Processed in 4.82s)
2025-08-01T19:13:29.432Z - Processing: https://www.luxuryestate.com/p131643062-apartment-for-sale-madrid
2025-08-01T19:13:33.925Z - Created property: 150 - 3 bedroom luxury Apartment for sale in calle Españoleto, Madrid, Community of Madrid (Processed in 4.36s)
2025-08-01T19:13:34.115Z - Processing: https://www.luxuryestate.com/p131639021-apartment-for-sale-madrid
2025-08-01T19:13:39.173Z - Created property: 151 - Luxury Flat for sale in Madrid, Autonomous Region of Madrid (Processed in 4.92s)
2025-08-01T19:13:39.340Z - Processing: https://www.luxuryestate.com/p131622658-villa-for-sale-paterna
2025-08-01T19:13:44.985Z - Created property: 152 - Luxury Villa for sale in Paterna, Valencia (Processed in 5.50s)
2025-08-01T19:13:45.142Z - Processing: https://www.luxuryestate.com/p130930587-semidetached-house-for-sale-marbella
2025-08-01T19:13:50.546Z - Created property: 153 - 4 bedroom luxury Semidetached House for sale in Marbella, Spain (Processed in 5.26s)
2025-08-01T19:13:50.719Z - Processing: https://www.luxuryestate.com/p131045158-country-house-for-sale-sitges
2025-08-01T19:13:56.670Z - Created property: 154 - 4 room exclusive country house  for sale in Sitges, Spain (Processed in 5.82s)
2025-08-01T19:13:56.842Z - Processing: https://www.luxuryestate.com/p131170039-townhouse-for-sale-madrid
2025-08-01T19:14:02.092Z - Created property: 155 - 6 room luxury Townhouse for sale in Madrid, Autonomous Region of Madrid (Processed in 5.11s)
2025-08-01T19:14:02.261Z - Processing: https://www.luxuryestate.com/p131347296-villa-for-sale-estepona
2025-08-01T19:14:07.371Z - Created property: 156 - 4 room luxury Villa for sale in Estepona, Spain (Processed in 4.98s)
2025-08-01T19:14:07.549Z - Processing: https://www.luxuryestate.com/p131251445-luxury-home-for-sale-begur
2025-08-01T19:14:12.808Z - Created property: 157 - Luxury House for sale in Begur, Spain (Processed in 5.12s)
2025-08-01T19:14:12.974Z - Processing: https://www.luxuryestate.com/p131186298-villa-for-sale-javea
2025-08-01T19:14:18.333Z - Created property: 158 - 1 room luxury Villa for sale in CALLE JACOPO AVANZO 12, Javea, Valencian Community (Processed in 5.21s)
2025-08-01T19:14:18.525Z - Processing: https://www.luxuryestate.com/p130233021-apartment-for-sale-barcelona
2025-08-01T19:14:23.706Z - Created property: 159 - 5 room luxury Flat for sale in Pedralbes, Barcelona, Catalonia (Processed in 5.05s)
2025-08-01T19:14:23.873Z - Processing: https://www.luxuryestate.com/p130054280-villa-for-sale-ibiza
2025-08-01T19:14:29.955Z - Created property: 160 - 5 bedroom luxury Villa for sale in Sant Antoni de Portmany, Ibiza, Province of Balearic Islands, Balearic Islands (Processed in 5.93s)
2025-08-01T19:14:30.384Z - Processing: https://www.luxuryestate.com/p129972616-luxury-home-for-sale-madrid
2025-08-01T19:14:35.414Z - Created property: 161 - 5 bedroom luxury House for sale in Urbanización Ciudalcampo, Madrid, Province of Madrid, Community of Madrid (Processed in 4.89s)
2025-08-01T19:14:35.593Z - Processing: https://www.luxuryestate.com/p131642940-apartment-for-sale-madrid
2025-08-01T19:14:40.606Z - Created property: 162 - Luxury Flat for sale in Madrid, Spain (Processed in 4.88s)
2025-08-01T19:14:40.788Z - Processing: https://www.luxuryestate.com/p128060700-villa-for-sale-ibiza
2025-08-01T19:14:46.228Z - Created property: 163 - 6 bedroom luxury Villa for sale in Can Furnet, Ibiza, Province of Balearic Islands, Balearic Islands (Processed in 5.29s)
2025-08-01T19:14:46.406Z - Processing: https://www.luxuryestate.com/p131648741-duplex-for-sale-barcelona
2025-08-01T19:14:51.733Z - Created property: 164 - 3 room luxury Duplex for sale in La Vila Olimpica del Poblenou, Barcelona, Province of Barcelona, Catalonia (Processed in 5.18s)
2025-08-01T19:14:51.914Z - Processing: https://www.luxuryestate.com/p68361583-villa-for-sale-benahavis
2025-08-01T19:14:56.796Z - Error processing: https://www.luxuryestate.com/p68361583-villa-for-sale-benahavis | Cannot read properties of undefined (reading 'toString')
2025-08-01T19:14:56.974Z - Processing: https://www.luxuryestate.com/p131632595-apartment-for-sale-madrid
2025-08-01T19:15:01.920Z - Created property: 165 - Luxury Flat for sale in Madrid, Spain (Processed in 4.81s)
2025-08-01T19:15:02.097Z - Processing: https://www.luxuryestate.com/p131646896-apartment-for-sale-madrid
2025-08-01T19:15:06.207Z - Created property: 166 - 3 bedroom luxury Apartment for sale in calle alameda, Madrid, Province of Madrid, Community of Madrid (Processed in 3.97s)
2025-08-01T19:15:06.392Z - Processing: https://www.luxuryestate.com/p131255961-apartment-for-sale-benahavis
2025-08-01T19:15:10.979Z - Created property: 167 - 4 room luxury Flat for sale in Benahavís, Andalusia (Processed in 4.44s)
2025-08-01T19:15:11.159Z - Processing: https://www.luxuryestate.com/p131650394-villa-for-sale-pozuelo-de-alarcon
2025-08-01T19:15:16.283Z - Created property: 168 - Luxury Villa for sale in Pozuelo de Alarcón, Spain (Processed in 4.99s)
2025-08-01T19:15:16.460Z - Processing: https://www.luxuryestate.com/p131642943-apartment-for-sale-madrid
2025-08-01T19:15:21.145Z - Created property: 169 - Luxury Flat for sale in Madrid, Spain (Processed in 4.54s)
2025-08-01T19:15:21.339Z - Processing: https://www.luxuryestate.com/p131316505-villa-for-sale-ibiza
2025-08-01T19:15:26.927Z - Created property: 170 - 5 bedroom luxury Villa for sale in Ibiza, Spain (Processed in 5.45s)
2025-08-01T19:15:27.111Z - Processing: https://www.luxuryestate.com/p130946422-villa-for-sale-lloret-de-mar
2025-08-01T19:15:32.769Z - Created property: 171 - 7 room luxury Villa for sale in Lloret de Mar, Spain (Processed in 5.53s)
2025-08-01T19:15:32.961Z - Processing: https://www.luxuryestate.com/p131436915-detached-house-for-sale-sevilla-la-nueva
2025-08-01T19:15:37.915Z - Created property: 172 - Luxury Detached House for sale in Sevilla La Nueva, Spain (Processed in 4.81s)
2025-08-01T19:15:38.097Z - Processing: https://www.luxuryestate.com/p131658869-apartment-for-sale-ses-salines
2025-08-01T19:15:42.600Z - Created property: 173 - 3 bedroom luxury Apartment for sale in ses Salines, Spain (Processed in 4.36s)
2025-08-01T19:15:42.792Z - Processing: https://www.luxuryestate.com/p131546637-apartment-for-sale-ibiza
2025-08-01T19:15:48.068Z - Created property: 174 - Luxury Apartment for sale in Ibiza, Spain (Processed in 5.13s)
2025-08-01T19:15:48.253Z - Processing: https://www.luxuryestate.com/p131137461-luxury-home-for-sale-sitges
2025-08-01T19:15:53.674Z - Created property: 175 - 4 room luxury House for sale in Sitges, Catalonia (Processed in 5.28s)
2025-08-01T19:15:53.853Z - Processing: https://www.luxuryestate.com/p130645626-cottage-for-sale-begur
2025-08-01T19:15:59.662Z - Created property: 176 - 7 room exclusive cottage for sale in Begur, Catalonia (Processed in 5.69s)
2025-08-01T19:15:59.848Z - Processing: https://www.luxuryestate.com/p76563423-chalet-for-sale-javea
2025-08-01T19:16:05.686Z - Created property: 177 - 4 bedroom luxury chalet for sale in Calle Hans Holbein 8, Javea, Alicante, Valencian Community (Processed in 5.70s)
2025-08-01T19:16:05.872Z - Processing: https://www.luxuryestate.com/p131571454-villa-for-sale-sant-antoni-de-portmany
2025-08-01T19:16:11.400Z - Created property: 178 - 7 room luxury Villa for sale in Sant Antoni de Portmany, Spain (Processed in 5.39s)
2025-08-01T19:16:11.584Z - Processing: https://www.luxuryestate.com/p131519499-villa-for-sale-calpe
2025-08-01T19:16:17.572Z - Created property: 179 - 4 bedroom luxury Villa for sale in Calpe, Spain (Processed in 5.85s)
2025-08-01T19:16:17.768Z - Processing: https://www.luxuryestate.com/p131152048-villa-for-sale-port-des-torrent
2025-08-01T19:16:23.481Z - Created property: 180 - 5 bedroom luxury Villa for sale in Port des Torrent, Spain (Processed in 5.57s)
2025-08-01T19:16:23.665Z - Processing: https://www.luxuryestate.com/p131474649-duplex-for-sale-benidorm
2025-08-01T19:16:25.768Z - Created property: 181 - 3 room luxury Duplex for sale in Benidorm, Valencia (Processed in 1.96s)
2025-08-01T19:16:25.946Z - Processing: https://www.luxuryestate.com/p131669902-villa-for-sale-sant-quirze-del-valles
2025-08-01T19:16:30.976Z - Created property: 182 - 4 bedroom luxury Villa for sale in Sant Quirze del Vallès, Spain (Processed in 4.89s)
2025-08-01T19:16:31.163Z - Processing: https://www.luxuryestate.com/p131364011-villa-for-sale-teulada
2025-08-01T19:16:36.060Z - Created property: 183 - 3 bedroom luxury Villa for sale in Teulada, Valencia (Processed in 4.75s)
2025-08-01T19:16:36.238Z - Processing: https://www.luxuryestate.com/p131472431-apartment-for-sale-madrid
2025-08-01T19:16:41.689Z - Created property: 184 - 3 bedroom luxury Flat for sale in Madrid, Spain (Processed in 5.31s)
2025-08-01T19:16:41.874Z - Processing: https://www.luxuryestate.com/p129995580-apartment-for-sale-barcelona
2025-08-01T19:16:46.587Z - Created property: 185 - Luxury Apartment for sale in Barcelona, Spain (Processed in 4.57s)
2025-08-01T19:16:46.769Z - Processing: https://www.luxuryestate.com/p131565546-luxury-home-for-sale-sant-andreu-de-llavaneres
2025-08-01T19:16:52.461Z - Created property: 186 - 6 room luxury House for sale in Sant Andreu de Llavaneres, Catalonia (Processed in 5.55s)
2025-08-01T19:16:52.643Z - Processing: https://www.luxuryestate.com/p131274230-villa-for-sale-estepona
2025-08-01T19:16:57.080Z - Created property: 187 - Luxury Villa for sale in Estepona, Spain (Processed in 4.30s)
2025-08-01T19:16:57.260Z - Processing: https://www.luxuryestate.com/p129411242-villa-for-sale-javea
2025-08-01T19:17:02.337Z - Created property: 188 - 6 bedroom luxury Villa for sale in Javea, Spain (Processed in 4.93s)
2025-08-01T19:17:02.505Z - Processing: https://www.luxuryestate.com/p131632593-apartment-for-sale-barcelona
2025-08-01T19:17:08.368Z - Created property: 189 - Luxury Flat for sale in Barcelona, Catalonia (Processed in 5.72s)
2025-08-01T19:17:08.553Z - Processing: https://www.luxuryestate.com/p131363977-villa-for-sale-rojales
2025-08-01T19:17:14.006Z - Created property: 190 - Luxury Villa for sale in Rojales, Valencia (Processed in 5.32s)
2025-08-01T19:17:14.187Z - Processing: https://www.luxuryestate.com/p131363964-villa-for-sale-playas-de-orihuela
2025-08-01T19:17:19.090Z - Created property: 191 - 4 bedroom luxury Villa for sale in Playas de Orihuela, Spain (Processed in 4.77s)
2025-08-01T19:17:19.274Z - Processing: https://www.luxuryestate.com/p131160001-villa-for-sale-san-jose
2025-08-01T19:17:25.018Z - Created property: 192 - 5 bedroom luxury Villa for sale in San Jose, Spain (Processed in 5.61s)
2025-08-01T19:17:25.206Z - Processing: https://www.luxuryestate.com/p131682336-villa-for-sale-cerdanyola-del-valles
2025-08-01T19:17:30.019Z - Created property: 193 - Luxury Villa for sale in Cerdanyola del Vallès, Catalonia (Processed in 4.68s)
2025-08-01T19:17:30.207Z - Processing: https://www.luxuryestate.com/p131364123-villa-for-sale-finestrat
2025-08-01T19:17:34.862Z - Created property: 194 - 3 bedroom luxury Villa for sale in Finestrat, Valencia (Processed in 4.51s)
2025-08-01T19:17:35.052Z - Processing: https://www.luxuryestate.com/p129805500-cottage-for-sale-chapineria
2025-08-01T19:17:41.076Z - Created property: 195 - 5 bedroom exclusive cottage for sale in Chapinería, Community of Madrid (Processed in 5.88s)
2025-08-01T19:17:41.258Z - Processing: https://www.luxuryestate.com/p131248681-penthouse-for-sale-san-sebastian
2025-08-01T19:17:46.575Z - Created property: 196 - 6 room luxury penthouse for sale in Calle Alfonso VIII,3, San Sebastian, Guipuzcoa, Basque Country (Processed in 5.17s)
2025-08-01T19:17:46.758Z - Processing: https://www.luxuryestate.com/p131248668-penthouse-for-sale-san-sebastian
2025-08-01T19:17:51.829Z - Created property: 197 - 7 room luxury penthouse for sale in Calle Alfonso VIII,3, San Sebastian, Guipuzcoa, Basque Country (Processed in 4.93s)
2025-08-01T19:17:52.013Z - Processing: https://www.luxuryestate.com/p128062677-apartment-for-sale-barcelona
2025-08-01T19:17:57.214Z - Created property: 198 - 4 bedroom luxury Apartment for sale in Barcelona, Spain (Processed in 5.06s)
2025-08-01T19:17:57.402Z - Processing: https://www.luxuryestate.com/p131148011-villa-for-sale-san-jose
2025-08-01T19:18:01.883Z - Created property: 199 - 5 bedroom luxury Villa for sale in San Jose, Spain (Processed in 4.33s)
2025-08-01T19:18:02.317Z - Processing: https://www.luxuryestate.com/p131646899-semidetached-house-for-sale-madrid
2025-08-01T19:18:06.895Z - Created property: 200 - 4 bedroom luxury Semidetached House for sale in calle pinilla, Madrid, Province of Madrid, Community of Madrid (Processed in 4.43s)
2025-08-01T19:18:07.084Z - Processing: https://www.luxuryestate.com/p131658866-villa-for-sale-hortaleza
2025-08-01T19:18:12.860Z - Created property: 201 - Luxury Villa for sale in Hortaleza, Spain (Processed in 5.63s)
2025-08-01T19:18:13.052Z - Processing: https://www.luxuryestate.com/p131622770-apartment-for-sale-alicante
2025-08-01T19:18:19.251Z - Created property: 202 - Luxury Apartment for sale in Alicante, Valencia (Processed in 6.05s)
2025-08-01T19:18:19.443Z - Processing: https://www.luxuryestate.com/p130009481-apartment-for-sale-calpe
2025-08-01T19:18:24.808Z - Created property: 203 - 2 bedroom luxury Apartment for sale in Calpe, Valencia (Processed in 5.22s)
2025-08-01T19:18:24.999Z - Processing: https://www.luxuryestate.com/p131527457-villa-for-sale-denia
2025-08-01T19:18:30.442Z - Created property: 204 - 4 room luxury Villa for sale in Denia, Valencia (Processed in 5.30s)
2025-08-01T19:18:30.616Z - Processing: https://www.luxuryestate.com/p131682338-villa-for-sale-cerdanyola-del-valles
2025-08-01T19:18:36.159Z - Created property: 205 - Luxury Villa for sale in Cerdanyola del Vallès, Catalonia (Processed in 5.41s)
2025-08-01T19:18:36.350Z - Processing: https://www.luxuryestate.com/p131429134-luxury-home-for-sale-zahara-de-los-atunes
2025-08-01T19:18:41.496Z - Created property: 206 - 4 bedroom luxury House for sale in Zahara de los Atunes, Spain (Processed in 5.00s)
2025-08-01T19:18:41.691Z - Processing: https://www.luxuryestate.com/p127922082-luxury-home-for-sale-javea
2025-08-01T19:18:46.125Z - Error processing: https://www.luxuryestate.com/p127922082-luxury-home-for-sale-javea | Cannot read properties of undefined (reading 'toString')
2025-08-01T19:18:46.314Z - Processing: https://www.luxuryestate.com/p131557885-apartment-for-sale-madrid
2025-08-01T19:18:50.869Z - Created property: 207 - 3 bedroom luxury Apartment for sale in Madrid, Autonomous Region of Madrid (Processed in 4.41s)
2025-08-01T19:18:51.065Z - Processing: https://www.luxuryestate.com/p131682337-villa-for-sale-bellaterra
2025-08-01T19:18:57.837Z - Created property: 208 - 5 bedroom luxury Villa for sale in Bellaterra, Spain (Processed in 6.64s)
2025-08-01T19:18:58.026Z - Processing: https://www.luxuryestate.com/p131639014-apartment-for-sale-madrid
2025-08-01T19:19:00.518Z - Created property: 209 - Luxury Apartment for sale in Madrid, Spain (Processed in 2.35s)
2025-08-01T19:19:00.728Z - Processing: https://www.luxuryestate.com/p131622638-apartment-for-sale-madrid
2025-08-01T19:19:05.322Z - Created property: 210 - 3 bedroom luxury Flat for sale in Madrid, Autonomous Region of Madrid (Processed in 4.45s)
2025-08-01T19:19:05.525Z - Processing: https://www.luxuryestate.com/p131476779-detached-house-for-sale-nova-santa-ponsa
2025-08-01T19:19:07.938Z - Created property: 211 - Luxury 3 bedroom Detached House for sale in Nova Santa Ponsa, Balearic Islands (Processed in 2.28s)
2025-08-01T19:19:08.128Z - Processing: https://www.luxuryestate.com/p94545483-villa-for-sale-javea
2025-08-01T19:19:13.241Z - Created property: 212 - 4 bedroom luxury Villa for sale in Calle Hans Holbein, Javea, Alicante, Valencian Community (Processed in 4.98s)
2025-08-01T19:19:13.429Z - Processing: https://www.luxuryestate.com/p130655654-villa-for-sale-javea
2025-08-01T19:19:18.091Z - Created property: 213 - Luxury Villa for sale in Javea, Spain (Processed in 4.52s)
2025-08-01T19:19:18.284Z - Processing: https://www.luxuryestate.com/p130256564-apartment-for-sale-madrid
2025-08-01T19:19:22.256Z - Created property: 214 - 3 bedroom luxury Flat for sale in Madrid, Spain (Processed in 3.84s)
2025-08-01T19:19:22.446Z - Processing: https://www.luxuryestate.com/p130152192-villa-for-sale-marbella
2025-08-01T19:19:27.934Z - Created property: 215 - 4 bedroom luxury Villa for sale in Marbella, Andalusia (Processed in 5.35s)
2025-08-01T19:19:28.126Z - Processing: https://www.luxuryestate.com/p131687510-apartment-for-sale-valencia
2025-08-01T19:19:32.825Z - Created property: 216 - 3 bedroom luxury Flat for sale in Valencia, Spain (Processed in 4.56s)
2025-08-01T19:19:33.013Z - Processing: https://www.luxuryestate.com/p131163091-apartment-for-sale-ibiza
2025-08-01T19:19:37.879Z - Created property: 217 - 8 room luxury Flat for sale in Ibiza, Balearic Islands (Processed in 4.72s)
2025-08-01T19:19:38.074Z - Processing: https://www.luxuryestate.com/p131518650-apartment-for-sale-madrid
2025-08-01T19:19:43.165Z - Created property: 218 - 5 bedroom luxury Flat for sale in Madrid, Spain (Processed in 4.95s)
2025-08-01T19:19:43.353Z - Processing: https://www.luxuryestate.com/p131384894-apartment-for-sale-san-sebastian
2025-08-01T19:19:48.570Z - Created property: 219 - Luxury Apartment for sale in San Sebastian, Spain (Processed in 5.08s)
2025-08-01T19:19:48.763Z - Processing: https://www.luxuryestate.com/p131626889-apartment-for-sale-barcelona
2025-08-01T19:19:53.599Z - Created property: 220 - 1 bedroom luxury Apartment for sale in Barcelona, Catalonia (Processed in 4.69s)
2025-08-01T19:19:53.786Z - Processing: https://www.luxuryestate.com/p131622634-apartment-for-sale-barcelona
2025-08-01T19:19:59.110Z - Created property: 221 - Luxury Flat for sale in Barcelona, Spain (Processed in 5.18s)
2025-08-01T19:19:59.317Z - Processing: https://www.luxuryestate.com/p131174787-chalet-for-sale-las-rozas-de-madrid
2025-08-01T19:20:01.348Z - Created property: 222 - 14 room luxury chalet for sale in Las Rozas de Madrid, Autonomous Region of Madrid (Processed in 1.92s)
2025-08-01T19:20:01.562Z - Processing: https://www.luxuryestate.com/p130853344-luxury-home-for-sale-santa-maria-del-cami
2025-08-01T19:20:06.515Z - Created property: 223 - Luxury House for sale in Santa Maria del Camí, Balearic Islands (Processed in 4.82s)
2025-08-01T19:20:06.699Z - Processing: https://www.luxuryestate.com/p130526285-apartment-for-sale-barcelona
2025-08-01T19:20:11.239Z - Created property: 224 - Luxury Flat for sale in Dreta de l'Eixample, Barcelona, Catalonia (Processed in 4.41s)
2025-08-01T19:20:11.452Z - Processing: https://www.luxuryestate.com/p131632596-villa-for-sale-pozuelo-de-alarcon
2025-08-01T19:20:16.878Z - Created property: 225 - Luxury Villa for sale in Pozuelo de Alarcón, Autonomous Region of Madrid (Processed in 5.30s)
2025-08-01T19:20:17.058Z - Processing: https://www.luxuryestate.com/p131622652-villa-for-sale-pozuelo-de-alarcon
2025-08-01T19:20:22.105Z - Created property: 226 - 6 bedroom luxury Villa for sale in Pozuelo de Alarcón, Autonomous Region of Madrid (Processed in 4.90s)
2025-08-01T19:20:22.310Z - Processing: https://www.luxuryestate.com/p131421027-semidetached-house-for-sale-palol-de-revardit
2025-08-01T19:29:37.472Z - Processing: https://www.luxuryestate.com/p131421027-semidetached-house-for-sale-palol-de-revardit
2025-08-01T19:29:41.045Z - Created property: 227 - 8 room luxury Semidetached House for sale in Palol de Revardit, Catalonia (Processed in 3.19s)
2025-08-01T19:29:41.268Z - Processing: https://www.luxuryestate.com/p131054356-apartment-for-sale-barcelona
2025-08-01T19:29:46.756Z - Created property: 228 - Luxury Flat for sale in Barcelona, Catalonia (Processed in 5.35s)
2025-08-01T19:29:46.956Z - Processing: https://www.luxuryestate.com/p128894534-villa-for-sale-ibiza
2025-08-01T19:29:52.350Z - Created property: 229 - 5 bedroom luxury Villa for sale in Santa Eulària des Riu, Ibiza, Province of Balearic Islands, Balearic Islands (Processed in 5.25s)
2025-08-01T19:29:52.538Z - Processing: https://www.luxuryestate.com/p131561312-apartment-for-sale-madrid
2025-08-01T19:29:57.484Z - Created property: 230 - 2 bedroom luxury Flat for sale in Madrid, Spain (Processed in 4.80s)
2025-08-01T19:29:57.679Z - Processing: https://www.luxuryestate.com/p131642946-villa-for-sale-palma-de-mallorca
2025-08-01T19:30:02.835Z - Created property: 231 - Luxury Villa for sale in Palma de Mallorca, Balearic Islands (Processed in 5.02s)
2025-08-01T19:30:03.010Z - Processing: https://www.luxuryestate.com/p131636168-luxury-home-for-sale-madrid
2025-08-01T19:30:08.649Z - Created property: 232 - 5 bedroom luxury House for sale in Madrid, Spain (Processed in 5.50s)
2025-08-01T19:30:08.846Z - Processing: https://www.luxuryestate.com/p131487586-townhouse-for-sale-madrid
2025-08-01T19:30:14.118Z - Created property: 233 - 4 bedroom luxury Townhouse for sale in Madrid, Autonomous Region of Madrid (Processed in 5.13s)
2025-08-01T19:30:14.316Z - Processing: https://www.luxuryestate.com/p131387426-townhouse-for-sale-begur
2025-08-01T19:30:19.863Z - Created property: 234 - Luxury Townhouse for sale in Begur, Catalonia (Processed in 5.41s)
2025-08-01T19:30:20.033Z - Processing: https://www.luxuryestate.com/p131646858-apartment-for-sale-madrid
2025-08-01T19:34:04.861Z - Processing: https://www.luxuryestate.com/p131646858-apartment-for-sale-madrid
2025-08-01T19:34:10.450Z - Created property: 235 - Luxury Apartment for sale in Madrid, Spain (Processed in 5.26s)
2025-08-01T19:34:10.627Z - Processing: https://www.luxuryestate.com/p131128701-villa-for-sale-ibiza
2025-08-01T19:34:16.206Z - Created property: 236 - 4 bedroom luxury Villa for sale in Ibiza, Spain (Processed in 5.44s)
2025-08-01T19:34:16.391Z - Processing: https://www.luxuryestate.com/p131622635-villa-for-sale-barcelona
2025-08-01T19:34:21.996Z - Created property: 237 - 3 bedroom luxury Villa for sale in Barcelona, Spain (Processed in 5.46s)
2025-08-01T19:34:22.181Z - Processing: https://www.luxuryestate.com/p131174792-luxury-home-for-sale-sitges
2025-08-01T19:34:27.688Z - Created property: 238 - 11 room luxury House for sale in Sitges, Catalonia (Processed in 5.37s)
2025-08-01T19:34:27.889Z - Processing: https://www.luxuryestate.com/p131636172-villa-for-sale-santa-gertrudis-de-fruitera
2025-08-01T19:34:32.757Z - Created property: 239 - Luxury Villa for sale in Santa Gertrudis de Fruitera, Spain (Processed in 4.73s)
2025-08-01T19:34:32.952Z - Processing: https://www.luxuryestate.com/p131542044-villa-for-sale-nueva-andalucia
2025-08-01T19:34:37.881Z - Created property: 240 - Luxury Villa for sale in Nueva Andalucia, Spain (Processed in 4.80s)
2025-08-01T19:34:38.071Z - Processing: https://www.luxuryestate.com/p131633080-villa-for-sale-oiartzun
2025-08-01T19:34:43.718Z - Created property: 241 - 10 bedroom luxury Villa for sale in Oiartzun, Spain (Processed in 5.51s)
2025-08-01T19:34:43.906Z - Processing: https://www.luxuryestate.com/p131417995-chalet-for-sale-platja-d-aro
2025-08-01T19:34:49.079Z - Created property: 242 - 7 room luxury chalet for sale in Platja d'Aro, Catalonia (Processed in 5.04s)
2025-08-01T19:34:49.286Z - Processing: https://www.luxuryestate.com/p130703802-villa-for-sale-son-vida
2025-08-01T19:34:54.215Z - Created property: 243 - 8 room luxury Villa for sale in Son Vida, Balearic Islands (Processed in 4.79s)
2025-08-01T19:34:54.405Z - Processing: https://www.luxuryestate.com/p131137467-detached-house-for-sale-sant-pere-de-ribes
2025-08-01T19:34:59.705Z - Created property: 244 - 4 room luxury Detached House for sale in Sant Pere de Ribes, Spain (Processed in 5.15s)
2025-08-01T19:34:59.882Z - Processing: https://www.luxuryestate.com/p131543334-villa-for-sale-busot
2025-08-01T19:35:05.447Z - Created property: 245 - 3 room luxury Villa for sale in Busot, Spain (Processed in 5.43s)
2025-08-01T19:35:05.646Z - Processing: https://www.luxuryestate.com/p129975838-luxury-home-for-sale-madrid
2025-08-01T19:35:10.612Z - Created property: 246 - 5 bedroom luxury House for sale in La Moraleja, Madrid, Province of Madrid, Community of Madrid (Processed in 4.84s)
2025-08-01T19:35:10.797Z - Processing: https://www.luxuryestate.com/p131412920-luxury-home-for-sale-s-agaro
2025-08-01T19:35:16.391Z - Created property: 247 - 6 room luxury House for sale in S'Agaró, Catalonia (Processed in 5.45s)
2025-08-01T19:35:16.575Z - Processing: https://www.luxuryestate.com/p131543312-villa-for-sale-el-campello
2025-08-01T19:35:21.938Z - Created property: 248 - 3 room luxury Villa for sale in El Campello, Valencia (Processed in 5.22s)
2025-08-01T19:35:22.133Z - Processing: https://www.luxuryestate.com/p131472432-apartment-for-sale-madrid
2025-08-01T19:35:26.790Z - Created property: 249 - 2 bedroom luxury Apartment for sale in Madrid, Autonomous Region of Madrid (Processed in 4.52s)
2025-08-01T19:35:26.982Z - Processing: https://www.luxuryestate.com/p131472430-apartment-for-sale-madrid
2025-08-01T19:35:32.043Z - Created property: 250 - 2 bedroom luxury Apartment for sale in Madrid, Autonomous Region of Madrid (Processed in 4.93s)
2025-08-01T19:35:32.239Z - Processing: https://www.luxuryestate.com/p131543315-villa-for-sale-busot
2025-08-01T19:35:38.083Z - Created property: 251 - 3 room luxury Villa for sale in Busot, Spain (Processed in 5.71s)
2025-08-01T19:35:38.311Z - Processing: https://www.luxuryestate.com/p131437839-country-house-for-sale-bell-lloch
2025-08-01T19:35:45.099Z - Created property: 252 - 15 room exclusive country house  for sale in Bell-Lloch, Catalonia (Processed in 6.64s)
2025-08-01T19:35:45.282Z - Processing: https://www.luxuryestate.com/p131555534-penthouse-for-sale-el-campello
2025-08-01T19:35:50.435Z - Created property: 253 - 2 room luxury penthouse for sale in El Campello, Valencia (Processed in 5.01s)
2025-08-01T19:35:50.608Z - Processing: https://www.luxuryestate.com/p131087140-apartment-for-sale-barcelona
2025-08-01T19:35:55.109Z - Created property: 254 - Luxury Flat for sale in Barcelona, Catalonia (Processed in 4.36s)
2025-08-01T19:35:55.300Z - Processing: https://www.luxuryestate.com/p129561598-apartment-for-sale-ibiza
2025-08-01T19:36:01.070Z - Created property: 255 - 4 bedroom luxury Apartment for sale in Santa Eulària des Riu, Ibiza, Province of Balearic Islands, Balearic Islands (Processed in 5.63s)
2025-08-01T19:36:01.268Z - Processing: https://www.luxuryestate.com/p131678895-apartment-for-sale-valencia
2025-08-01T19:36:05.727Z - Created property: 256 - Luxury Flat for sale in Valencia (Processed in 4.32s)
2025-08-01T19:36:05.915Z - Processing: https://www.luxuryestate.com/p131678891-apartment-for-sale-madrid
2025-08-01T19:36:10.656Z - Created property: 257 - Luxury Flat for sale in Madrid, Spain (Processed in 4.60s)
2025-08-01T19:36:10.850Z - Processing: https://www.luxuryestate.com/p131174739-luxury-home-for-sale-sitges
2025-08-01T19:36:15.509Z - Created property: 258 - 7 room luxury House for sale in Sitges, Spain (Processed in 4.52s)
2025-08-01T19:36:15.682Z - Processing: https://www.luxuryestate.com/p129576791-luxury-home-for-sale-villafranca-del-castillo
2025-08-01T19:36:20.848Z - Created property: 259 - Luxury House for sale in Villafranca del Castillo, Spain (Processed in 5.05s)
2025-08-01T19:36:21.009Z - Processing: https://www.luxuryestate.com/p130521932-apartment-for-sale-madrid
2025-08-01T19:36:25.585Z - Created property: 260 - 4 bedroom luxury Apartment for sale in Madrid, Autonomous Region of Madrid (Processed in 4.47s)
2025-08-01T19:36:25.779Z - Processing: https://www.luxuryestate.com/p114400165-apartment-for-sale-barcelona
2025-08-01T19:36:30.321Z - Created property: 261 - Luxury Apartment for sale in Barcelona, Spain (Processed in 4.40s)
2025-08-01T19:36:30.554Z - Processing: https://www.luxuryestate.com/p131323374-villa-for-sale-son-vida
2025-08-01T19:36:35.496Z - Created property: 262 - Luxury Villa for sale in Son Vida, Spain (Processed in 4.80s)
2025-08-01T19:36:35.678Z - Processing: https://www.luxuryestate.com/p131147831-rural-or-farmhouse-for-sale-san-agustin-des-vedra
2025-08-01T19:36:41.467Z - Created property: 263 - Luxury Farmhouse for sale in San Agustin des Vedra, Balearic Islands (Processed in 5.65s)
2025-08-01T19:36:41.652Z - Processing: https://www.luxuryestate.com/p130240624-villa-for-sale-sitges
2025-08-01T19:36:47.129Z - Created property: 264 - Luxury Villa for sale in Sitges, Catalonia (Processed in 5.34s)
2025-08-01T19:36:47.314Z - Processing: https://www.luxuryestate.com/p130916306-chalet-for-sale-pucol
2025-08-01T19:36:52.485Z - Created property: 265 - 4 bedroom luxury chalet for sale in Calle Cantal 7, Puçol, Valencia, Valencian Community (Processed in 5.05s)
2025-08-01T19:36:52.645Z - Processing: https://www.luxuryestate.com/p131142378-apartment-for-sale-casares
2025-08-01T19:36:58.120Z - Created property: 266 - 2 bedroom luxury Apartment for sale in Casares, Spain (Processed in 5.36s)
2025-08-01T19:36:58.312Z - Processing: https://www.luxuryestate.com/p131543333-penthouse-for-sale-el-campello
2025-08-01T19:37:03.581Z - Created property: 267 - 3 room luxury penthouse for sale in El Campello, Spain (Processed in 5.13s)
2025-08-01T19:37:03.759Z - Processing: https://www.luxuryestate.com/p131543317-penthouse-for-sale-el-campello
2025-08-01T19:37:09.211Z - Created property: 268 - 3 room luxury penthouse for sale in El Campello, Valencia (Processed in 5.31s)
2025-08-01T19:37:09.374Z - Processing: https://www.luxuryestate.com/p130230435-villa-for-sale-vilanova-i-la-geltru
2025-08-01T19:37:14.383Z - Created property: 269 - Luxury Villa for sale in Vilanova i la Geltrú, Catalonia (Processed in 4.88s)
2025-08-01T19:37:14.576Z - Processing: https://www.luxuryestate.com/p131060275-villa-for-sale-santa-ponsa
2025-08-01T19:37:19.782Z - Created property: 270 - 4 room luxury Villa for sale in Santa Ponsa, Spain (Processed in 5.07s)
2025-08-01T19:37:19.971Z - Processing: https://www.luxuryestate.com/p130267641-penthouse-for-sale-cambrils
2025-08-01T19:37:24.862Z - Created property: 271 - Luxury penthouse for sale in Cambrils, Spain (Processed in 4.75s)
2025-08-01T19:37:25.058Z - Processing: https://www.luxuryestate.com/p131384912-apartment-for-sale-san-sebastian
2025-08-01T19:37:30.102Z - Created property: 272 - 4 bedroom luxury Apartment for sale in San Sebastian, Basque Country (Processed in 4.90s)
2025-08-01T19:37:30.296Z - Processing: https://www.luxuryestate.com/p131551984-luxury-home-for-sale-cervia-de-ter
2025-08-01T19:37:35.691Z - Created property: 273 - 4 bedroom luxury House for sale in Cervià de Ter, Spain (Processed in 5.25s)
2025-08-01T19:37:35.883Z - Processing: https://www.luxuryestate.com/p129810559-luxury-home-for-sale-madrid
2025-08-01T19:37:36.945Z - Processing: https://www.luxuryestate.com/p131690497-villa-for-sale-rubi
2025-08-01T19:37:42.087Z - Created property: 274 - 6 bedroom luxury Villa for sale in Rubí, Catalonia (Processed in 5.00s)
2025-08-01T19:37:42.267Z - Processing: https://www.luxuryestate.com/p131412391-apartment-for-sale-madrid
2025-08-01T19:37:47.336Z - Created property: 275 - Luxury Flat for sale in Madrid, Autonomous Region of Madrid (Processed in 4.94s)
2025-08-01T19:37:47.519Z - Processing: https://www.luxuryestate.com/p131323896-apartment-for-sale-madrid
2025-08-01T19:37:52.188Z - Created property: 276 - Luxury Apartment for sale in Madrid, Spain (Processed in 4.54s)
2025-08-01T19:37:52.362Z - Processing: https://www.luxuryestate.com/p131194916-townhouse-for-sale-castell-platja-d-aro
2025-08-01T19:37:57.722Z - Created property: 277 - Luxury Townhouse for sale in Castell-Platja d'Aro, Catalonia (Processed in 5.22s)
2025-08-01T19:37:57.889Z - Processing: https://www.luxuryestate.com/p117556163-luxury-home-for-sale-madrid
2025-08-01T19:38:03.269Z - Created property: 278 - 5 bedroom luxury House for sale in Urbanización Ciudalcampo, Madrid, Community of Madrid (Processed in 5.26s)
2025-08-01T19:38:03.441Z - Processing: https://www.luxuryestate.com/p130926233-apartment-for-sale-sant-jordi
2025-08-01T19:38:08.087Z - Created property: 279 - Luxury Apartment for sale in Sant Jordi, Balearic Islands (Processed in 4.50s)
2025-08-01T19:38:08.260Z - Processing: https://www.luxuryestate.com/p131170043-apartment-for-sale-madrid
2025-08-01T19:38:13.796Z - Created property: 280 - 5 bedroom luxury Apartment for sale in Madrid, Spain (Processed in 5.40s)
2025-08-01T19:38:14.017Z - Processing: https://www.luxuryestate.com/p129164761-luxury-home-for-sale-las-rozas-de-madrid
2025-08-01T19:38:19.399Z - Created property: 281 - 8 bedroom luxury House for sale in Las Rozas de Madrid, Spain (Processed in 5.23s)
2025-08-01T19:38:19.581Z - Processing: https://www.luxuryestate.com/p131314878-villa-for-sale-gava
2025-08-01T19:38:25.017Z - Created property: 282 - 6 bedroom luxury Villa for sale in Gavà, Catalonia (Processed in 5.30s)
2025-08-01T19:38:25.192Z - Processing: https://www.luxuryestate.com/p131595204-apartment-for-sale-sitges
2025-08-01T19:38:30.400Z - Created property: 283 - 3 room luxury Flat for sale in Sitges, Catalonia (Processed in 5.08s)
2025-08-01T19:38:30.569Z - Processing: https://www.luxuryestate.com/p131687498-apartment-for-sale-badalona
2025-08-01T19:38:35.841Z - Created property: 284 - 4 bedroom luxury Flat for sale in Badalona, Spain (Processed in 5.11s)
2025-08-01T19:38:36.008Z - Processing: https://www.luxuryestate.com/p131649669-semidetached-house-for-sale-cambrils
2025-08-01T19:38:41.868Z - Created property: 285 - Luxury Semidetached House for sale in Cambrils, Spain (Processed in 5.71s)
2025-08-01T19:38:42.050Z - Processing: https://www.luxuryestate.com/p130865330-country-house-for-sale-sitges
2025-08-01T19:38:47.290Z - Created property: 286 - 4 room exclusive country house  for sale in Sitges, Catalonia (Processed in 5.11s)
2025-08-01T19:38:47.464Z - Processing: https://www.luxuryestate.com/p117512823-luxury-home-for-sale-madrid
2025-08-01T19:38:52.912Z - Created property: 287 - 5 bedroom luxury House for sale in Fuente del fresno, Madrid, Province of Madrid, Community of Madrid (Processed in 5.31s)
2025-08-01T19:38:53.094Z - Processing: https://www.luxuryestate.com/p131420859-apartment-for-sale-madrid
2025-08-01T19:38:57.583Z - Created property: 288 - 3 bedroom luxury Apartment for sale in Madrid, Autonomous Region of Madrid (Processed in 4.35s)
2025-08-01T19:38:57.749Z - Processing: https://www.luxuryestate.com/p131221652-villa-for-sale-son-vida
2025-08-01T19:39:02.553Z - Created property: 289 - Luxury Villa for sale in Son Vida, Spain (Processed in 4.67s)
2025-08-01T19:39:02.723Z - Processing: https://www.luxuryestate.com/p131563666-apartment-for-sale-madrid
2025-08-01T19:39:07.534Z - Created property: 290 - Luxury Flat for sale in Madrid, Autonomous Region of Madrid (Processed in 4.67s)
2025-08-01T19:39:07.723Z - Processing: https://www.luxuryestate.com/p131580631-villa-for-sale-javea
2025-08-01T19:39:13.358Z - Created property: 291 - Luxury Villa for sale in Javea, Spain (Processed in 5.52s)
2025-08-01T19:39:13.533Z - Processing: https://www.luxuryestate.com/p131472429-apartment-for-sale-madrid
2025-08-01T19:39:18.367Z - Created property: 292 - 1 bedroom luxury Flat for sale in Madrid, Autonomous Region of Madrid (Processed in 4.70s)
2025-08-01T19:39:18.550Z - Processing: https://www.luxuryestate.com/p131190177-villa-for-sale-son-vida
2025-08-01T19:39:23.718Z - Created property: 293 - 5 room luxury Villa for sale in Son Vida, Spain (Processed in 5.03s)
2025-08-01T19:39:23.897Z - Processing: https://www.luxuryestate.com/p130620887-villa-for-sale-ibiza
2025-08-01T19:39:29.231Z - Created property: 294 - 6 bedroom luxury Villa for sale in Ibiza, Spain (Processed in 5.19s)
2025-08-01T19:39:29.410Z - Processing: https://www.luxuryestate.com/p131202473-detached-house-for-sale-alcanar
2025-08-01T19:39:34.589Z - Created property: 295 - 8 room luxury Detached House for sale in Alcanar, Spain (Processed in 5.07s)
2025-08-01T19:39:34.765Z - Processing: https://www.luxuryestate.com/p131472435-apartment-for-sale-madrid
2025-08-01T19:39:39.650Z - Created property: 296 - 2 bedroom luxury Apartment for sale in Madrid, Autonomous Region of Madrid (Processed in 4.75s)
2025-08-01T19:39:39.834Z - Processing: https://www.luxuryestate.com/p128405866-luxury-home-for-sale-san-lorenzo-de-el-escorial
2025-08-01T19:39:45.203Z - Created property: 297 - 7 bedroom luxury House for sale in El Escorial, Community of Madrid (Processed in 5.24s)
2025-08-01T19:39:45.393Z - Processing: https://www.luxuryestate.com/p129917060-villa-for-sale-estepona
2025-08-01T19:39:50.496Z - Created property: 298 - 5 bedroom luxury Villa for sale in Estepona, Spain (Processed in 4.96s)
2025-08-01T19:39:50.681Z - Processing: https://www.luxuryestate.com/p131383196-apartment-for-sale-ibiza
2025-08-01T19:39:55.773Z - Created property: 299 - 3 bedroom luxury Flat for sale in Ibiza, Balearic Islands (Processed in 4.95s)
2025-08-01T19:39:55.954Z - Processing: https://www.luxuryestate.com/p131170041-apartment-for-sale-barrio-salamanca
2025-08-01T19:40:00.971Z - Created property: 300 - 3 bedroom luxury Apartment for sale in Barrio Salamanca, Madrid, Autonomous Region of Madrid (Processed in 4.87s)
2025-08-01T19:40:01.147Z - Processing: https://www.luxuryestate.com/p131548355-townhouse-for-sale-santa-cristina-d-aro
2025-08-01T19:40:07.512Z - Created property: 301 - 5 room luxury Townhouse for sale in Santa Cristina d'Aro, Catalonia (Processed in 6.23s)
2025-08-01T19:40:07.689Z - Processing: https://www.luxuryestate.com/p131412722-country-house-for-sale-cassa-de-la-selva
2025-08-01T19:40:13.902Z - Created property: 302 - 9 room exclusive country house  for sale in Cassà de la Selva, Spain (Processed in 6.08s)
2025-08-01T19:40:14.092Z - Processing: https://www.luxuryestate.com/p129581664-luxury-home-for-sale-madrid
2025-08-01T19:40:18.975Z - Created property: 303 - 6 bedroom luxury House for sale in Madrid, Spain (Processed in 4.74s)
2025-08-01T19:40:19.175Z - Processing: https://www.luxuryestate.com/p131170047-apartment-for-sale-madrid
2025-08-01T19:40:22.794Z - Created property: 304 - 3 bedroom luxury Flat for sale in Madrid, Spain (Processed in 3.48s)
2025-08-01T19:40:22.967Z - Processing: https://www.luxuryestate.com/p130952387-chalet-for-sale-ares
2025-08-01T19:40:28.749Z - Created property: 305 - Luxury chalet for sale in Ares, Spain (Processed in 5.64s)
2025-08-01T19:40:28.921Z - Processing: https://www.luxuryestate.com/p129365138-penthouse-for-sale-santa-pola
2025-08-01T19:40:34.284Z - Created property: 306 - 5 room luxury penthouse for sale in Santa Pola, Spain (Processed in 5.22s)
2025-08-01T19:40:34.460Z - Processing: https://www.luxuryestate.com/p128041103-apartment-for-sale-ibiza
2025-08-01T19:40:39.958Z - Created property: 307 - 5 bedroom luxury Apartment for sale in San Rafael, Ibiza, Province of Balearic Islands, Balearic Islands (Processed in 5.36s)
2025-08-01T19:40:40.134Z - Processing: https://www.luxuryestate.com/p131539585-detached-house-for-sale-creixell
2025-08-01T19:40:45.152Z - Created property: 308 - Luxury 3 room Detached House for sale in Creixell, Spain (Processed in 4.87s)
2025-08-01T19:40:45.333Z - Processing: https://www.luxuryestate.com/p130891557-apartment-for-sale-barcelona
2025-08-01T19:40:50.379Z - Created property: 309 - 4 bedroom luxury Flat for sale in Barcelona, Spain (Processed in 4.91s)
2025-08-01T19:40:50.590Z - Processing: https://www.luxuryestate.com/p129359854-villa-for-sale-ibiza
2025-08-01T19:40:55.585Z - Created property: 310 - 4 bedroom luxury Villa for sale in Cala Moli, Ibiza, Province of Balearic Islands, Balearic Islands (Processed in 4.85s)
2025-08-01T19:40:55.772Z - Processing: https://www.luxuryestate.com/p131632594-apartment-for-sale-madrid
2025-08-01T19:41:00.690Z - Created property: 311 - 1 bedroom luxury Apartment for sale in Madrid, Spain (Processed in 4.78s)
2025-08-01T19:41:00.861Z - Processing: https://www.luxuryestate.com/p131577221-apartment-for-sale-san-sebastian
2025-08-01T19:41:05.963Z - Created property: 312 - 3 bedroom luxury Apartment for sale in San Sebastian, Basque Country (Processed in 4.96s)
2025-08-01T19:41:06.149Z - Processing: https://www.luxuryestate.com/p131248667-apartment-for-sale-san-sebastian
2025-08-01T19:41:11.349Z - Created property: 313 - 3 room luxury Apartment for sale in Calle Alfonso VIII,3, San Sebastian, Guipuzcoa, Basque Country (Processed in 5.06s)
2025-08-01T19:41:11.781Z - Processing: https://www.luxuryestate.com/p130821182-villa-for-sale-javea
2025-08-01T19:41:16.838Z - Created property: 314 - 5 bedroom luxury Villa for sale in Javea, Valencia (Processed in 4.91s)
2025-08-01T19:41:17.026Z - Processing: https://www.luxuryestate.com/p131613658-hotel-for-sale-cerdido
2025-08-01T19:41:22.449Z - Created property: 315 - 35 room luxury Hotel for sale in Cerdido, Spain (Processed in 5.29s)
2025-08-01T19:41:22.631Z - Processing: https://www.luxuryestate.com/p131145781-hotel-for-sale-gerena
2025-08-01T19:41:28.290Z - Created property: 316 - Luxury Hotel for sale in Gerena, Spain (Processed in 5.52s)
2025-08-01T19:41:28.475Z - Processing: https://www.luxuryestate.com/p130230363-apartment-for-sale-ibiza
2025-08-01T19:41:33.401Z - Created property: 317 - Luxury Flat for sale in Ibiza, Spain (Processed in 4.78s)
2025-08-01T19:41:33.584Z - Processing: https://www.luxuryestate.com/p131472978-apartment-for-sale-marbella
2025-08-01T19:41:39.343Z - Created property: 318 - 2 bedroom luxury Apartment for sale in Marbella, Spain (Processed in 5.61s)
2025-08-01T19:41:39.528Z - Processing: https://www.luxuryestate.com/p128577583-luxury-home-for-sale-torrelodones
2025-08-02T12:13:26.565Z - Processing: https://www.luxuryestate.com/p128577583-luxury-home-for-sale-torrelodones
2025-08-02T12:13:31.943Z - Created property: 319 - 5 bedroom luxury House for sale in Paseo de Emilia Alarcos, 1, Torrelodones, Community of Madrid (Processed in 4.99s)
2025-08-02T12:13:32.097Z - Processing: https://www.luxuryestate.com/p131089209-luxury-home-for-sale-deia
2025-08-02T12:13:37.659Z - Created property: 320 - 2 room luxury House for sale in Deià, Balearic Islands (Processed in 5.44s)
2025-08-02T12:13:37.830Z - Processing: https://www.luxuryestate.com/p131365270-villa-for-sale-gata-de-gorgos
2025-08-02T12:13:43.676Z - Created property: 321 - Luxury Villa for sale in Gata de Gorgos, Spain (Processed in 5.70s)
2025-08-02T12:13:43.867Z - Processing: https://www.luxuryestate.com/p131174171-apartment-for-sale-barrio-salamanca
2025-08-02T12:13:48.864Z - Created property: 322 - Luxury Flat for sale in Barrio Salamanca, Spain (Processed in 4.86s)
2025-08-02T12:13:49.046Z - Processing: https://www.luxuryestate.com/p131248665-apartment-for-sale-san-sebastian
2025-08-02T12:13:54.078Z - Created property: 323 - 6 room luxury Apartment for sale in Calle Alfonso VIII,3, San Sebastian, Guipuzcoa, Basque Country (Processed in 4.89s)
2025-08-02T12:13:54.233Z - Processing: https://www.luxuryestate.com/p131248148-apartment-for-sale-san-sebastian
2025-08-02T12:13:59.436Z - Created property: 324 - 6 room luxury Apartment for sale in Calle Alfonso VIII,3, San Sebastian, Guipuzcoa, Basque Country (Processed in 5.07s)
2025-08-02T12:13:59.611Z - Processing: https://www.luxuryestate.com/p131137466-apartment-for-sale-sitges
2025-08-02T12:14:04.526Z - Created property: 325 - 2 room luxury Apartment for sale in Sitges, Spain (Processed in 4.78s)
2025-08-02T12:14:04.698Z - Processing: https://www.luxuryestate.com/p130620877-villa-for-sale-santa-eularia-des-riu
2025-08-02T12:14:10.612Z - Created property: 326 - 7 bedroom luxury Villa for sale in Santa Eulària des Riu, Balearic Islands (Processed in 5.78s)
2025-08-02T12:14:10.786Z - Processing: https://www.luxuryestate.com/p130093525-luxury-home-for-sale-madrid
2025-08-02T12:14:14.606Z - Created property: 327 - Luxury House for sale in Madrid, Autonomous Region of Madrid (Processed in 3.68s)
2025-08-02T12:14:14.776Z - Processing: https://www.luxuryestate.com/p131610111-apartment-for-sale-madrid
2025-08-02T12:14:20.237Z - Created property: 328 - Luxury Flat for sale in Madrid, Autonomous Region of Madrid (Processed in 5.33s)
2025-08-02T12:14:20.405Z - Processing: https://www.luxuryestate.com/p130952378-chalet-for-sale-meiras
2025-08-02T12:14:25.619Z - Created property: 329 - 5 bedroom luxury chalet for sale in Meirás, Galicia (Processed in 5.09s)
2025-08-02T12:14:25.778Z - Processing: https://www.luxuryestate.com/p131147687-villa-for-sale-ibiza
2025-08-02T13:23:33.422Z - Processing: https://www.luxuryestate.com/p131147687-villa-for-sale-ibiza
2025-08-02T13:23:37.447Z - Error processing https://www.luxuryestate.com/p131147687-villa-for-sale-ibiza: list.some is not a function
2025-08-02T13:23:37.633Z - Processing: https://www.luxuryestate.com/p131368237-apartment-for-sale-barcelona
2025-08-02T13:23:42.195Z - Error processing https://www.luxuryestate.com/p131368237-apartment-for-sale-barcelona: list.some is not a function
2025-08-02T13:23:42.391Z - Processing: https://www.luxuryestate.com/p130620870-villa-for-sale-cala-llonga
2025-08-02T13:23:47.612Z - Error processing https://www.luxuryestate.com/p130620870-villa-for-sale-cala-llonga: list.some is not a function
2025-08-02T13:23:47.796Z - Processing: https://www.luxuryestate.com/p129898542-chalet-for-sale-el-perellonet
2025-08-02T13:23:52.740Z - Error processing https://www.luxuryestate.com/p129898542-chalet-for-sale-el-perellonet: list.some is not a function
2025-08-02T13:23:52.915Z - Processing: https://www.luxuryestate.com/p130241055-apartment-for-sale-santa-pola
2025-08-02T13:23:58.016Z - Error processing https://www.luxuryestate.com/p130241055-apartment-for-sale-santa-pola: list.some is not a function
2025-08-02T13:23:58.211Z - Processing: https://www.luxuryestate.com/p131551830-villa-for-sale-altea-la-vella
2025-08-02T13:24:03.207Z - Error processing https://www.luxuryestate.com/p131551830-villa-for-sale-altea-la-vella: list.some is not a function
2025-08-02T13:24:03.410Z - Processing: https://www.luxuryestate.com/p131490728-apartment-for-sale-madrid
2025-08-02T13:24:08.266Z - Error processing https://www.luxuryestate.com/p131490728-apartment-for-sale-madrid: list.some is not a function
2025-08-02T13:24:08.451Z - Processing: https://www.luxuryestate.com/p131318035-country-house-for-sale-naron
2025-08-02T13:26:12.471Z - Processing: https://www.luxuryestate.com/p131318035-country-house-for-sale-naron
2025-08-02T13:26:17.701Z - Created property: 330 (12 room exclusive country house  for sale in Narón, Spain) in 4.91s
2025-08-02T13:26:17.855Z - Processing: https://www.luxuryestate.com/p131077380-villa-for-sale-altea
2025-08-02T13:26:21.100Z - Created property: 331 (6 room luxury Villa for sale in Altea, Spain) in 3.14s
2025-08-02T13:26:21.284Z - Processing: https://www.luxuryestate.com/p130376388-chalet-for-sale-valdemorillo
2025-08-02T13:26:27.175Z - Created property: 332 (Luxury chalet for sale in Valdemorillo, Community of Madrid) in 5.75s
2025-08-02T13:26:27.357Z - Processing: https://www.luxuryestate.com/p128436387-luxury-home-for-sale-madrid
2025-08-02T13:26:32.382Z - Created property: 333 (5 bedroom luxury House for sale in Madrid, Autonomous Region of Madrid) in 4.89s
2025-08-02T13:26:32.569Z - Processing: https://www.luxuryestate.com/p131649668-semidetached-house-for-sale-cambrils
2025-08-02T13:28:52.252Z - Processing: https://www.luxuryestate.com/p131649668-semidetached-house-for-sale-cambrils
2025-08-02T13:28:58.415Z - Created property: 334 (5 room luxury Semidetached House for sale in Cambrils, Catalonia) in 5.83s
2025-08-02T13:28:58.609Z - Processing: https://www.luxuryestate.com/p130207329-luxury-home-for-sale-esplugues-de-llobregat
2025-08-02T13:29:00.399Z - Created property: 335 (12 room luxury House for sale in Esplugues de Llobregat, Spain) in 1.65s
2025-08-02T13:29:00.567Z - Processing: https://www.luxuryestate.com/p130353117-penthouse-for-sale-villajoyosa
2025-08-02T13:29:05.216Z - Created property: 336 (4 room luxury penthouse for sale in Villajoyosa, Spain) in 4.50s
2025-08-02T13:29:05.415Z - Processing: https://www.luxuryestate.com/p129558902-apartment-for-sale-barcelona
2025-08-02T13:29:10.453Z - Created property: 337 (Luxury Apartment for sale in Dreta de l'Eixample, Barcelona, Province of Barcelona, Catalonia) in 4.92s
2025-08-02T13:29:10.623Z - Processing: https://www.luxuryestate.com/p131320422-land-for-sale-cas-catala
2025-08-02T13:29:16.096Z - Created property: 338 (Development Land in Cas Català, Balearic Islands) in 5.33s
2025-08-02T13:29:16.291Z - Processing: https://www.luxuryestate.com/p131384897-apartment-for-sale-san-sebastian
2025-08-02T13:29:21.495Z - Created property: 339 (3 bedroom luxury Apartment for sale in San Sebastian, Basque Country) in 5.07s
2025-08-02T13:29:21.686Z - Processing: https://www.luxuryestate.com/p129863290-detached-house-for-sale-mutxamel
2025-08-02T13:29:26.715Z - Created property: 340 (5 room luxury Detached House for sale in Mutxamel, Valencian Community) in 4.89s
2025-08-02T13:29:26.905Z - Processing: https://www.luxuryestate.com/p131642938-apartment-for-sale-madrid
2025-08-02T13:29:32.032Z - Created property: 341 (2 bedroom luxury Flat for sale in Madrid, Spain) in 4.99s
2025-08-02T13:29:32.228Z - Processing: https://www.luxuryestate.com/p131524432-apartment-for-sale-madrid
2025-08-02T13:29:37.132Z - Created property: 342 (Luxury Apartment for sale in Madrid, Autonomous Region of Madrid) in 4.77s
2025-08-02T13:29:37.338Z - Processing: https://www.luxuryestate.com/p131470118-apartment-for-sale-madrid
2025-08-02T13:29:41.895Z - Created property: 343 (3 bedroom luxury Flat for sale in Madrid, Autonomous Region of Madrid) in 4.42s
2025-08-02T13:29:42.086Z - Processing: https://www.luxuryestate.com/p131589797-apartment-for-sale-madrid
2025-08-02T13:29:46.714Z - Created property: 344 (3 bedroom luxury Flat for sale in Madrid, Autonomous Region of Madrid) in 4.50s
2025-08-02T13:29:46.907Z - Processing: https://www.luxuryestate.com/p130976642-detached-house-for-sale-chiva
2025-08-02T13:29:52.193Z - Created property: 345 (3 bedroom luxury Detached House for sale in Chiva, Valencian Community) in 5.16s
2025-08-02T13:29:52.383Z - Processing: https://www.luxuryestate.com/p131189349-villa-for-sale-barcelona
2025-08-02T13:29:57.240Z - Created property: 346 (7 bedroom luxury Villa for sale in Barcelona, Catalonia) in 4.72s
2025-08-02T13:29:57.431Z - Processing: https://www.luxuryestate.com/p131453892-villa-for-sale-finestrat
2025-08-02T13:30:02.456Z - Created property: 347 (5 bedroom luxury Villa for sale in Finestrat, Spain) in 4.88s
2025-08-02T13:30:02.647Z - Processing: https://www.luxuryestate.com/p131420858-luxury-home-for-sale-colmenar-viejo
